2026-02-06 14:22:26 | INFO | EDA | === RUN START ===
2026-02-06 14:22:26 | INFO | EDA | project=Exploratory Data Analysis (EDA) - Penguins
2026-02-06 14:22:26 | INFO | EDA | repo_dir=caleb-owens-python-project-4
2026-02-06 14:22:26 | INFO | EDA | python=3.14.2
2026-02-06 14:22:26 | INFO | EDA | os=Windows 11
2026-02-06 14:22:26 | INFO | EDA | shell=powershell
2026-02-06 14:22:26 | INFO | EDA | cwd=.
2026-02-06 14:22:26 | INFO | EDA | github_actions=False
2026-02-06 14:22:26 | INFO | EDA | Section 1: Setup at the top of the file
2026-02-06 14:22:26 | INFO | EDA | Section 2: Load the data
2026-02-06 14:22:26 | INFO | EDA | Loading penguins dataset from seaborn
2026-02-06 14:22:26 | INFO | EDA | Data loaded: 344 rows, 7 columns
2026-02-06 14:22:26 | INFO | EDA | Section 3: Inspect data shape and basic structure
2026-02-06 14:22:26 | INFO | EDA | Inspecting first rows of data
2026-02-06 14:22:26 | DEBUG | EDA | 
  species     island  bill_length_mm  bill_depth_mm  flipper_length_mm  body_mass_g     sex
0  Adelie  Torgersen            39.1           18.7              181.0       3750.0    Male
1  Adelie  Torgersen            39.5           17.4              186.0       3800.0  Female
2  Adelie  Torgersen            40.3           18.0              195.0       3250.0  Female
3  Adelie  Torgersen             NaN            NaN                NaN          NaN     NaN
4  Adelie  Torgersen            36.7           19.3              193.0       3450.0  Female
2026-02-06 14:22:26 | INFO | EDA | Column names
2026-02-06 14:22:26 | DEBUG | EDA | ['species', 'island', 'bill_length_mm', 'bill_depth_mm', 'flipper_length_mm', 'body_mass_g', 'sex']
2026-02-06 14:22:26 | INFO | EDA | DataFrame info (types and non-null counts)
2026-02-06 14:22:26 | INFO | EDA | Dataset shape: 344 rows, 7 columns
2026-02-06 14:22:26 | INFO | EDA | Section 4: Check data quality
2026-02-06 14:22:26 | INFO | EDA | Building starter data dictionary
2026-02-06 14:22:26 | DEBUG | EDA | 
              column    dtype  missing_count  missing_pct
0            species      str              0         0.00
1             island      str              0         0.00
2     bill_length_mm  float64              2         0.58
3      bill_depth_mm  float64              2         0.58
4  flipper_length_mm  float64              2         0.58
5        body_mass_g  float64              2         0.58
6                sex      str             11         3.20
2026-02-06 14:22:26 | INFO | EDA | Checking missing values per column
2026-02-06 14:22:26 | DEBUG | EDA | 
sex                  11
bill_depth_mm         2
bill_length_mm        2
flipper_length_mm     2
body_mass_g           2
island                0
species               0
dtype: int64
2026-02-06 14:22:26 | INFO | EDA | Duplicate rows detected: 0
2026-02-06 14:22:26 | INFO | EDA | Basic sanity check for numeric columns
2026-02-06 14:22:26 | DEBUG | EDA | 
       bill_length_mm  bill_depth_mm  flipper_length_mm  body_mass_g
count      342.000000     342.000000         342.000000   342.000000
mean        43.921930      17.151170         200.915205  4201.754386
std          5.459584       1.974793          14.061714   801.954536
min         32.100000      13.100000         172.000000  2700.000000
25%         39.225000      15.600000         190.000000  3550.000000
50%         44.450000      17.300000         197.000000  4050.000000
75%         48.500000      18.700000         213.000000  4750.000000
max         59.600000      21.500000         231.000000  6300.000000
2026-02-06 14:22:26 | INFO | EDA | Section 5: Create a cleaned view for EDA
2026-02-06 14:22:26 | INFO | EDA | Creating cleaned view for EDA (dropping rows with key missing values)
2026-02-06 14:22:26 | INFO | EDA | Cleaned view shape: 342 rows, 7 columns
2026-02-06 14:22:26 | INFO | EDA | Section 6: Compute descriptive statistics for numeric columns
2026-02-06 14:22:26 | INFO | EDA | Computing overall descriptive statistics
2026-02-06 14:22:26 | DEBUG | EDA | 
                   count         mean         std     min       25%      50%     75%     max
bill_length_mm     342.0    43.921930    5.459584    32.1    39.225    44.45    48.5    59.6
bill_depth_mm      342.0    17.151170    1.974793    13.1    15.600    17.30    18.7    21.5
flipper_length_mm  342.0   200.915205   14.061714   172.0   190.000   197.00   213.0   231.0
body_mass_g        342.0  4201.754386  801.954536  2700.0  3550.000  4050.00  4750.0  6300.0
2026-02-06 14:22:26 | INFO | EDA | Computing descriptive statistics by species
2026-02-06 14:22:26 | DEBUG | EDA | 
          bill_length_mm                                  bill_depth_mm                                   \
                   count       mean       std   min   max         count       mean       std   min   max   
species                                                                                                    
Adelie               151  38.791391  2.663405  32.1  46.0           151  18.346358  1.216650  15.5  21.5   
Chinstrap             68  48.833824  3.339256  40.9  58.0            68  18.420588  1.135395  16.4  20.8   
Gentoo               123  47.504878  3.081857  40.9  59.6           123  14.982114  0.981220  13.1  17.3   

          flipper_length_mm                                     body_mass_g                                           
                      count        mean       std    min    max       count         mean         std     min     max  
species                                                                                                               
Adelie                  151  189.953642  6.539457  172.0  210.0         151  3700.662252  458.566126  2850.0  4775.0  
Chinstrap                68  195.823529  7.131894  178.0  212.0          68  3733.088235  384.335081  2700.0  4800.0  
Gentoo                  123  217.186992  6.484976  203.0  231.0         123  5076.016260  504.116237  3950.0  6300.0  
2026-02-06 14:22:26 | INFO | EDA | Section 7: Show correlation matrix for numeric columns
2026-02-06 14:22:26 | INFO | EDA | Computing correlation matrix for numeric columns
2026-02-06 14:22:26 | DEBUG | EDA | 
                   bill_length_mm  bill_depth_mm  flipper_length_mm  body_mass_g
bill_length_mm           1.000000      -0.235053           0.656181     0.595110
bill_depth_mm           -0.235053       1.000000          -0.583851    -0.471916
flipper_length_mm        0.656181      -0.583851           1.000000     0.871202
body_mass_g              0.595110      -0.471916           0.871202     1.000000
2026-02-06 14:22:27 | INFO | EDA | Section 8: Make plots
2026-02-06 14:22:27 | INFO | EDA | Creating scatter plot: flipper length vs bill length
2026-02-06 14:22:32 | INFO | EDA | EDA workflow complete
2026-02-06 14:22:32 | INFO | EDA | IMPORTANT: This script creates chart windows.
2026-02-06 14:22:32 | INFO | EDA | Close any chart windows and terminate this process with CTRL+c as needed.
2026-02-06 16:19:16 | INFO | EDA | === RUN START ===
2026-02-06 16:19:16 | INFO | EDA | project=Exploratory Data Analysis (EDA) - Penguins
2026-02-06 16:19:16 | INFO | EDA | repo_dir=caleb-owens-python-project-4
2026-02-06 16:19:16 | INFO | EDA | python=3.14.2
2026-02-06 16:19:16 | INFO | EDA | os=Windows 11
2026-02-06 16:19:16 | INFO | EDA | shell=powershell
2026-02-06 16:19:16 | INFO | EDA | cwd=.
2026-02-06 16:19:16 | INFO | EDA | github_actions=False
2026-02-06 16:19:16 | INFO | EDA | Section 1: Setup at the top of the file
2026-02-06 16:19:16 | INFO | EDA | Section 2: Load the data
2026-02-06 16:19:16 | INFO | EDA | Loading titanic dataset from seaborn
2026-02-06 16:19:16 | INFO | EDA | Data loaded: 891 rows, 15 columns
2026-02-06 16:19:16 | INFO | EDA | Section 3: Inspect data shape and basic structure
2026-02-06 16:19:16 | INFO | EDA | Inspecting first rows of data
2026-02-06 16:19:16 | DEBUG | EDA | 
   survived  pclass     sex   age  sibsp  parch     fare embarked  class    who  adult_male deck  embark_town alive  \
0         0       3    male  22.0      1      0   7.2500        S  Third    man        True  NaN  Southampton    no   
1         1       1  female  38.0      1      0  71.2833        C  First  woman       False    C    Cherbourg   yes   
2         1       3  female  26.0      0      0   7.9250        S  Third  woman       False  NaN  Southampton   yes   
3         1       1  female  35.0      1      0  53.1000        S  First  woman       False    C  Southampton   yes   
4         0       3    male  35.0      0      0   8.0500        S  Third    man        True  NaN  Southampton    no   

   alone  
0  False  
1  False  
2   True  
3  False  
4   True  
2026-02-06 16:19:16 | INFO | EDA | Column names
2026-02-06 16:19:16 | DEBUG | EDA | ['survived', 'pclass', 'sex', 'age', 'sibsp', 'parch', 'fare', 'embarked', 'class', 'who', 'adult_male', 'deck', 'embark_town', 'alive', 'alone']
2026-02-06 16:19:16 | INFO | EDA | DataFrame info (types and non-null counts)
2026-02-06 16:19:16 | INFO | EDA | Dataset shape: 891 rows, 15 columns
2026-02-06 16:19:16 | INFO | EDA | Section 4: Check data quality
2026-02-06 16:19:16 | INFO | EDA | Building starter data dictionary
2026-02-06 16:19:16 | DEBUG | EDA | 
         column     dtype  missing_count  missing_pct
0      survived     int64              0         0.00
1        pclass     int64              0         0.00
2           sex       str              0         0.00
3           age   float64            177        19.87
4         sibsp     int64              0         0.00
5         parch     int64              0         0.00
6          fare   float64              0         0.00
7      embarked       str              2         0.22
8         class  category              0         0.00
9           who       str              0         0.00
10   adult_male      bool              0         0.00
11         deck  category            688        77.22
12  embark_town       str              2         0.22
13        alive       str              0         0.00
14        alone      bool              0         0.00
2026-02-06 16:19:16 | INFO | EDA | Checking missing values per column
2026-02-06 16:19:16 | DEBUG | EDA | 
deck           688
age            177
embarked         2
embark_town      2
sex              0
pclass           0
survived         0
fare             0
parch            0
sibsp            0
class            0
adult_male       0
who              0
alive            0
alone            0
dtype: int64
2026-02-06 16:19:16 | INFO | EDA | Duplicate rows detected: 107
2026-02-06 16:19:16 | INFO | EDA | Basic sanity check for numeric columns
2026-02-06 16:19:16 | DEBUG | EDA | 
         survived         age       sibsp       parch        fare
count  891.000000  714.000000  891.000000  891.000000  891.000000
mean     0.383838   29.699118    0.523008    0.381594   32.204208
std      0.486592   14.526497    1.102743    0.806057   49.693429
min      0.000000    0.420000    0.000000    0.000000    0.000000
25%      0.000000   20.125000    0.000000    0.000000    7.910400
50%      0.000000   28.000000    0.000000    0.000000   14.454200
75%      1.000000   38.000000    1.000000    0.000000   31.000000
max      1.000000   80.000000    8.000000    6.000000  512.329200
2026-02-06 16:19:16 | INFO | EDA | Section 5: Create a cleaned view for EDA
2026-02-06 16:19:16 | INFO | EDA | Creating cleaned view for EDA (dropping rows with key missing values)
2026-02-06 16:19:16 | INFO | EDA | Cleaned view shape: 714 rows, 15 columns
2026-02-06 16:19:16 | INFO | EDA | Section 6: Compute descriptive statistics for numeric columns
2026-02-06 16:19:16 | INFO | EDA | Computing overall descriptive statistics
2026-02-06 16:19:16 | DEBUG | EDA | 
          count       mean        std   min     25%      50%     75%       max
survived  714.0   0.406162   0.491460  0.00   0.000   0.0000   1.000    1.0000
age       714.0  29.699118  14.526497  0.42  20.125  28.0000  38.000   80.0000
sibsp     714.0   0.512605   0.929783  0.00   0.000   0.0000   1.000    5.0000
parch     714.0   0.431373   0.853289  0.00   0.000   0.0000   1.000    6.0000
fare      714.0  34.694514  52.918930  0.00   8.050  15.7417  33.375  512.3292
2026-02-06 16:19:16 | INFO | EDA | Computing descriptive statistics by class
2026-02-06 16:19:16 | DEBUG | EDA | 
       survived                               age                                   sibsp                              \
          count      mean       std min max count       mean        std   min   max count      mean       std min max   
class                                                                                                                   
First       186  0.655914  0.476352   0   1   186  38.233441  14.802856  0.92  80.0   186  0.451613  0.632731   0   3   
Second      173  0.479769  0.501041   0   1   173  29.877630  14.001077  0.67  70.0   173  0.427746  0.611645   0   3   
Third       355  0.239437  0.427342   0   1   355  25.140620  12.495398  0.42  74.0   355  0.585915  1.157303   0   5   

       parch                              fare                                        
       count      mean       std min max count       mean        std   min       max  
class                                                                                 
First    186  0.408602  0.731331   0   4   186  87.961582  80.857189   0.0  512.3292  
Second   173  0.404624  0.705775   0   3   173  21.471556  13.187429  10.5   73.5000  
Third    355  0.456338  0.971447   0   6   355  13.229435  10.043158   0.0   56.4958  
2026-02-06 16:19:17 | INFO | EDA | Section 7: Show correlation matrix for numeric columns
2026-02-06 16:19:17 | INFO | EDA | Computing correlation matrix for numeric columns
2026-02-06 16:19:17 | DEBUG | EDA | 
          survived       age     sibsp     parch      fare
survived  1.000000 -0.077221 -0.017358  0.093317  0.268189
age      -0.077221  1.000000 -0.308247 -0.189119  0.096067
sibsp    -0.017358 -0.308247  1.000000  0.383820  0.138329
parch     0.093317 -0.189119  0.383820  1.000000  0.205119
fare      0.268189  0.096067  0.138329  0.205119  1.000000
2026-02-06 16:19:17 | INFO | EDA | Section 8: Make plots
2026-02-06 16:19:17 | INFO | EDA | Creating scatter plot: survived (1 for yes, 2 for no) vs. age
2026-02-06 16:20:39 | INFO | EDA | === RUN START ===
2026-02-06 16:20:39 | INFO | EDA | project=Exploratory Data Analysis (EDA) - Penguins
2026-02-06 16:20:39 | INFO | EDA | repo_dir=caleb-owens-python-project-4
2026-02-06 16:20:39 | INFO | EDA | python=3.14.2
2026-02-06 16:20:39 | INFO | EDA | os=Windows 11
2026-02-06 16:20:39 | INFO | EDA | shell=powershell
2026-02-06 16:20:39 | INFO | EDA | cwd=.
2026-02-06 16:20:39 | INFO | EDA | github_actions=False
2026-02-06 16:20:39 | INFO | EDA | Section 1: Setup at the top of the file
2026-02-06 16:20:39 | INFO | EDA | Section 2: Load the data
2026-02-06 16:20:39 | INFO | EDA | Loading titanic dataset from seaborn
2026-02-06 16:20:39 | INFO | EDA | Data loaded: 891 rows, 15 columns
2026-02-06 16:20:39 | INFO | EDA | Section 3: Inspect data shape and basic structure
2026-02-06 16:20:39 | INFO | EDA | Inspecting first rows of data
2026-02-06 16:20:39 | DEBUG | EDA | 
   survived  pclass     sex   age  sibsp  parch     fare embarked  class    who  adult_male deck  embark_town alive  \
0         0       3    male  22.0      1      0   7.2500        S  Third    man        True  NaN  Southampton    no   
1         1       1  female  38.0      1      0  71.2833        C  First  woman       False    C    Cherbourg   yes   
2         1       3  female  26.0      0      0   7.9250        S  Third  woman       False  NaN  Southampton   yes   
3         1       1  female  35.0      1      0  53.1000        S  First  woman       False    C  Southampton   yes   
4         0       3    male  35.0      0      0   8.0500        S  Third    man        True  NaN  Southampton    no   

   alone  
0  False  
1  False  
2   True  
3  False  
4   True  
2026-02-06 16:20:39 | INFO | EDA | Column names
2026-02-06 16:20:39 | DEBUG | EDA | ['survived', 'pclass', 'sex', 'age', 'sibsp', 'parch', 'fare', 'embarked', 'class', 'who', 'adult_male', 'deck', 'embark_town', 'alive', 'alone']
2026-02-06 16:20:39 | INFO | EDA | DataFrame info (types and non-null counts)
2026-02-06 16:20:39 | INFO | EDA | Dataset shape: 891 rows, 15 columns
2026-02-06 16:20:39 | INFO | EDA | Section 4: Check data quality
2026-02-06 16:20:39 | INFO | EDA | Building starter data dictionary
2026-02-06 16:20:39 | DEBUG | EDA | 
         column     dtype  missing_count  missing_pct
0      survived     int64              0         0.00
1        pclass     int64              0         0.00
2           sex       str              0         0.00
3           age   float64            177        19.87
4         sibsp     int64              0         0.00
5         parch     int64              0         0.00
6          fare   float64              0         0.00
7      embarked       str              2         0.22
8         class  category              0         0.00
9           who       str              0         0.00
10   adult_male      bool              0         0.00
11         deck  category            688        77.22
12  embark_town       str              2         0.22
13        alive       str              0         0.00
14        alone      bool              0         0.00
2026-02-06 16:20:39 | INFO | EDA | Checking missing values per column
2026-02-06 16:20:39 | DEBUG | EDA | 
deck           688
age            177
embarked         2
embark_town      2
sex              0
pclass           0
survived         0
fare             0
parch            0
sibsp            0
class            0
adult_male       0
who              0
alive            0
alone            0
dtype: int64
2026-02-06 16:20:39 | INFO | EDA | Duplicate rows detected: 107
2026-02-06 16:20:39 | INFO | EDA | Basic sanity check for numeric columns
2026-02-06 16:20:39 | DEBUG | EDA | 
         survived         age       sibsp       parch        fare
count  891.000000  714.000000  891.000000  891.000000  891.000000
mean     0.383838   29.699118    0.523008    0.381594   32.204208
std      0.486592   14.526497    1.102743    0.806057   49.693429
min      0.000000    0.420000    0.000000    0.000000    0.000000
25%      0.000000   20.125000    0.000000    0.000000    7.910400
50%      0.000000   28.000000    0.000000    0.000000   14.454200
75%      1.000000   38.000000    1.000000    0.000000   31.000000
max      1.000000   80.000000    8.000000    6.000000  512.329200
2026-02-06 16:20:39 | INFO | EDA | Section 5: Create a cleaned view for EDA
2026-02-06 16:20:39 | INFO | EDA | Creating cleaned view for EDA (dropping rows with key missing values)
2026-02-06 16:20:39 | INFO | EDA | Cleaned view shape: 714 rows, 15 columns
2026-02-06 16:20:39 | INFO | EDA | Section 6: Compute descriptive statistics for numeric columns
2026-02-06 16:20:39 | INFO | EDA | Computing overall descriptive statistics
2026-02-06 16:20:39 | DEBUG | EDA | 
          count       mean        std   min     25%      50%     75%       max
survived  714.0   0.406162   0.491460  0.00   0.000   0.0000   1.000    1.0000
age       714.0  29.699118  14.526497  0.42  20.125  28.0000  38.000   80.0000
sibsp     714.0   0.512605   0.929783  0.00   0.000   0.0000   1.000    5.0000
parch     714.0   0.431373   0.853289  0.00   0.000   0.0000   1.000    6.0000
fare      714.0  34.694514  52.918930  0.00   8.050  15.7417  33.375  512.3292
2026-02-06 16:20:39 | INFO | EDA | Computing descriptive statistics by class
2026-02-06 16:20:39 | DEBUG | EDA | 
       survived                               age                                   sibsp                              \
          count      mean       std min max count       mean        std   min   max count      mean       std min max   
class                                                                                                                   
First       186  0.655914  0.476352   0   1   186  38.233441  14.802856  0.92  80.0   186  0.451613  0.632731   0   3   
Second      173  0.479769  0.501041   0   1   173  29.877630  14.001077  0.67  70.0   173  0.427746  0.611645   0   3   
Third       355  0.239437  0.427342   0   1   355  25.140620  12.495398  0.42  74.0   355  0.585915  1.157303   0   5   

       parch                              fare                                        
       count      mean       std min max count       mean        std   min       max  
class                                                                                 
First    186  0.408602  0.731331   0   4   186  87.961582  80.857189   0.0  512.3292  
Second   173  0.404624  0.705775   0   3   173  21.471556  13.187429  10.5   73.5000  
Third    355  0.456338  0.971447   0   6   355  13.229435  10.043158   0.0   56.4958  
2026-02-06 16:20:39 | INFO | EDA | Section 7: Show correlation matrix for numeric columns
2026-02-06 16:20:39 | INFO | EDA | Computing correlation matrix for numeric columns
2026-02-06 16:20:39 | DEBUG | EDA | 
          survived       age     sibsp     parch      fare
survived  1.000000 -0.077221 -0.017358  0.093317  0.268189
age      -0.077221  1.000000 -0.308247 -0.189119  0.096067
sibsp    -0.017358 -0.308247  1.000000  0.383820  0.138329
parch     0.093317 -0.189119  0.383820  1.000000  0.205119
fare      0.268189  0.096067  0.138329  0.205119  1.000000
2026-02-06 16:20:39 | INFO | EDA | Section 8: Make plots
2026-02-06 16:20:39 | INFO | EDA | Creating scatter plot: survived (1 for yes, 2 for no) vs. age
2026-02-06 16:20:54 | INFO | EDA | EDA workflow complete
2026-02-06 16:20:54 | INFO | EDA | IMPORTANT: This script creates chart windows.
2026-02-06 16:20:54 | INFO | EDA | Close any chart windows and terminate this process with CTRL+c as needed.
2026-02-06 16:21:16 | INFO | EDA | === RUN START ===
2026-02-06 16:21:16 | INFO | EDA | project=Exploratory Data Analysis (EDA) - Penguins
2026-02-06 16:21:16 | INFO | EDA | repo_dir=caleb-owens-python-project-4
2026-02-06 16:21:16 | INFO | EDA | python=3.14.2
2026-02-06 16:21:16 | INFO | EDA | os=Windows 11
2026-02-06 16:21:16 | INFO | EDA | shell=powershell
2026-02-06 16:21:16 | INFO | EDA | cwd=.
2026-02-06 16:21:16 | INFO | EDA | github_actions=False
2026-02-06 16:21:16 | INFO | EDA | Section 1: Setup at the top of the file
2026-02-06 16:21:16 | INFO | EDA | Section 2: Load the data
2026-02-06 16:21:16 | INFO | EDA | Loading titanic dataset from seaborn
2026-02-06 16:21:16 | INFO | EDA | Data loaded: 891 rows, 15 columns
2026-02-06 16:21:16 | INFO | EDA | Section 3: Inspect data shape and basic structure
2026-02-06 16:21:16 | INFO | EDA | Inspecting first rows of data
2026-02-06 16:21:16 | DEBUG | EDA | 
   survived  pclass     sex   age  sibsp  parch     fare embarked  class    who  adult_male deck  embark_town alive  \
0         0       3    male  22.0      1      0   7.2500        S  Third    man        True  NaN  Southampton    no   
1         1       1  female  38.0      1      0  71.2833        C  First  woman       False    C    Cherbourg   yes   
2         1       3  female  26.0      0      0   7.9250        S  Third  woman       False  NaN  Southampton   yes   
3         1       1  female  35.0      1      0  53.1000        S  First  woman       False    C  Southampton   yes   
4         0       3    male  35.0      0      0   8.0500        S  Third    man        True  NaN  Southampton    no   

   alone  
0  False  
1  False  
2   True  
3  False  
4   True  
2026-02-06 16:21:16 | INFO | EDA | Column names
2026-02-06 16:21:16 | DEBUG | EDA | ['survived', 'pclass', 'sex', 'age', 'sibsp', 'parch', 'fare', 'embarked', 'class', 'who', 'adult_male', 'deck', 'embark_town', 'alive', 'alone']
2026-02-06 16:21:16 | INFO | EDA | DataFrame info (types and non-null counts)
2026-02-06 16:21:16 | INFO | EDA | Dataset shape: 891 rows, 15 columns
2026-02-06 16:21:16 | INFO | EDA | Section 4: Check data quality
2026-02-06 16:21:16 | INFO | EDA | Building starter data dictionary
2026-02-06 16:21:16 | DEBUG | EDA | 
         column     dtype  missing_count  missing_pct
0      survived     int64              0         0.00
1        pclass     int64              0         0.00
2           sex       str              0         0.00
3           age   float64            177        19.87
4         sibsp     int64              0         0.00
5         parch     int64              0         0.00
6          fare   float64              0         0.00
7      embarked       str              2         0.22
8         class  category              0         0.00
9           who       str              0         0.00
10   adult_male      bool              0         0.00
11         deck  category            688        77.22
12  embark_town       str              2         0.22
13        alive       str              0         0.00
14        alone      bool              0         0.00
2026-02-06 16:21:16 | INFO | EDA | Checking missing values per column
2026-02-06 16:21:16 | DEBUG | EDA | 
deck           688
age            177
embarked         2
embark_town      2
sex              0
pclass           0
survived         0
fare             0
parch            0
sibsp            0
class            0
adult_male       0
who              0
alive            0
alone            0
dtype: int64
2026-02-06 16:21:16 | INFO | EDA | Duplicate rows detected: 107
2026-02-06 16:21:16 | INFO | EDA | Basic sanity check for numeric columns
2026-02-06 16:21:16 | DEBUG | EDA | 
         survived         age       sibsp       parch        fare
count  891.000000  714.000000  891.000000  891.000000  891.000000
mean     0.383838   29.699118    0.523008    0.381594   32.204208
std      0.486592   14.526497    1.102743    0.806057   49.693429
min      0.000000    0.420000    0.000000    0.000000    0.000000
25%      0.000000   20.125000    0.000000    0.000000    7.910400
50%      0.000000   28.000000    0.000000    0.000000   14.454200
75%      1.000000   38.000000    1.000000    0.000000   31.000000
max      1.000000   80.000000    8.000000    6.000000  512.329200
2026-02-06 16:21:16 | INFO | EDA | Section 5: Create a cleaned view for EDA
2026-02-06 16:21:16 | INFO | EDA | Creating cleaned view for EDA (dropping rows with key missing values)
2026-02-06 16:21:16 | INFO | EDA | Cleaned view shape: 714 rows, 15 columns
2026-02-06 16:21:16 | INFO | EDA | Section 6: Compute descriptive statistics for numeric columns
2026-02-06 16:21:16 | INFO | EDA | Computing overall descriptive statistics
2026-02-06 16:21:16 | DEBUG | EDA | 
          count       mean        std   min     25%      50%     75%       max
survived  714.0   0.406162   0.491460  0.00   0.000   0.0000   1.000    1.0000
age       714.0  29.699118  14.526497  0.42  20.125  28.0000  38.000   80.0000
sibsp     714.0   0.512605   0.929783  0.00   0.000   0.0000   1.000    5.0000
parch     714.0   0.431373   0.853289  0.00   0.000   0.0000   1.000    6.0000
fare      714.0  34.694514  52.918930  0.00   8.050  15.7417  33.375  512.3292
2026-02-06 16:21:16 | INFO | EDA | Computing descriptive statistics by class
2026-02-06 16:21:16 | DEBUG | EDA | 
       survived                               age                                   sibsp                              \
          count      mean       std min max count       mean        std   min   max count      mean       std min max   
class                                                                                                                   
First       186  0.655914  0.476352   0   1   186  38.233441  14.802856  0.92  80.0   186  0.451613  0.632731   0   3   
Second      173  0.479769  0.501041   0   1   173  29.877630  14.001077  0.67  70.0   173  0.427746  0.611645   0   3   
Third       355  0.239437  0.427342   0   1   355  25.140620  12.495398  0.42  74.0   355  0.585915  1.157303   0   5   

       parch                              fare                                        
       count      mean       std min max count       mean        std   min       max  
class                                                                                 
First    186  0.408602  0.731331   0   4   186  87.961582  80.857189   0.0  512.3292  
Second   173  0.404624  0.705775   0   3   173  21.471556  13.187429  10.5   73.5000  
Third    355  0.456338  0.971447   0   6   355  13.229435  10.043158   0.0   56.4958  
2026-02-06 16:21:16 | INFO | EDA | Section 7: Show correlation matrix for numeric columns
2026-02-06 16:21:16 | INFO | EDA | Computing correlation matrix for numeric columns
2026-02-06 16:21:16 | DEBUG | EDA | 
          survived       age     sibsp     parch      fare
survived  1.000000 -0.077221 -0.017358  0.093317  0.268189
age      -0.077221  1.000000 -0.308247 -0.189119  0.096067
sibsp    -0.017358 -0.308247  1.000000  0.383820  0.138329
parch     0.093317 -0.189119  0.383820  1.000000  0.205119
fare      0.268189  0.096067  0.138329  0.205119  1.000000
2026-02-06 16:21:16 | INFO | EDA | Section 8: Make plots
2026-02-06 16:21:16 | INFO | EDA | Creating scatter plot: survived (1 for yes, 2 for no) vs. age
2026-02-06 16:22:01 | INFO | EDA | EDA workflow complete
2026-02-06 16:22:01 | INFO | EDA | IMPORTANT: This script creates chart windows.
2026-02-06 16:22:01 | INFO | EDA | Close any chart windows and terminate this process with CTRL+c as needed.
2026-02-06 16:22:08 | INFO | EDA | === RUN START ===
2026-02-06 16:22:08 | INFO | EDA | project=Exploratory Data Analysis (EDA) - Penguins
2026-02-06 16:22:08 | INFO | EDA | repo_dir=caleb-owens-python-project-4
2026-02-06 16:22:08 | INFO | EDA | python=3.14.2
2026-02-06 16:22:08 | INFO | EDA | os=Windows 11
2026-02-06 16:22:08 | INFO | EDA | shell=powershell
2026-02-06 16:22:08 | INFO | EDA | cwd=.
2026-02-06 16:22:08 | INFO | EDA | github_actions=False
2026-02-06 16:22:08 | INFO | EDA | Section 1: Setup at the top of the file
2026-02-06 16:22:08 | INFO | EDA | Section 2: Load the data
2026-02-06 16:22:08 | INFO | EDA | Loading titanic dataset from seaborn
2026-02-06 16:22:08 | INFO | EDA | Data loaded: 891 rows, 15 columns
2026-02-06 16:22:08 | INFO | EDA | Section 3: Inspect data shape and basic structure
2026-02-06 16:22:08 | INFO | EDA | Inspecting first rows of data
2026-02-06 16:22:08 | DEBUG | EDA | 
   survived  pclass     sex   age  sibsp  parch     fare embarked  class    who  adult_male deck  embark_town alive  \
0         0       3    male  22.0      1      0   7.2500        S  Third    man        True  NaN  Southampton    no   
1         1       1  female  38.0      1      0  71.2833        C  First  woman       False    C    Cherbourg   yes   
2         1       3  female  26.0      0      0   7.9250        S  Third  woman       False  NaN  Southampton   yes   
3         1       1  female  35.0      1      0  53.1000        S  First  woman       False    C  Southampton   yes   
4         0       3    male  35.0      0      0   8.0500        S  Third    man        True  NaN  Southampton    no   

   alone  
0  False  
1  False  
2   True  
3  False  
4   True  
2026-02-06 16:22:08 | INFO | EDA | Column names
2026-02-06 16:22:08 | DEBUG | EDA | ['survived', 'pclass', 'sex', 'age', 'sibsp', 'parch', 'fare', 'embarked', 'class', 'who', 'adult_male', 'deck', 'embark_town', 'alive', 'alone']
2026-02-06 16:22:08 | INFO | EDA | DataFrame info (types and non-null counts)
2026-02-06 16:22:08 | INFO | EDA | Dataset shape: 891 rows, 15 columns
2026-02-06 16:22:08 | INFO | EDA | Section 4: Check data quality
2026-02-06 16:22:08 | INFO | EDA | Building starter data dictionary
2026-02-06 16:22:08 | DEBUG | EDA | 
         column     dtype  missing_count  missing_pct
0      survived     int64              0         0.00
1        pclass     int64              0         0.00
2           sex       str              0         0.00
3           age   float64            177        19.87
4         sibsp     int64              0         0.00
5         parch     int64              0         0.00
6          fare   float64              0         0.00
7      embarked       str              2         0.22
8         class  category              0         0.00
9           who       str              0         0.00
10   adult_male      bool              0         0.00
11         deck  category            688        77.22
12  embark_town       str              2         0.22
13        alive       str              0         0.00
14        alone      bool              0         0.00
2026-02-06 16:22:08 | INFO | EDA | Checking missing values per column
2026-02-06 16:22:08 | DEBUG | EDA | 
deck           688
age            177
embarked         2
embark_town      2
sex              0
pclass           0
survived         0
fare             0
parch            0
sibsp            0
class            0
adult_male       0
who              0
alive            0
alone            0
dtype: int64
2026-02-06 16:22:08 | INFO | EDA | Duplicate rows detected: 107
2026-02-06 16:22:08 | INFO | EDA | Basic sanity check for numeric columns
2026-02-06 16:22:08 | DEBUG | EDA | 
         survived         age       sibsp       parch        fare
count  891.000000  714.000000  891.000000  891.000000  891.000000
mean     0.383838   29.699118    0.523008    0.381594   32.204208
std      0.486592   14.526497    1.102743    0.806057   49.693429
min      0.000000    0.420000    0.000000    0.000000    0.000000
25%      0.000000   20.125000    0.000000    0.000000    7.910400
50%      0.000000   28.000000    0.000000    0.000000   14.454200
75%      1.000000   38.000000    1.000000    0.000000   31.000000
max      1.000000   80.000000    8.000000    6.000000  512.329200
2026-02-06 16:22:08 | INFO | EDA | Section 5: Create a cleaned view for EDA
2026-02-06 16:22:08 | INFO | EDA | Creating cleaned view for EDA (dropping rows with key missing values)
2026-02-06 16:22:08 | INFO | EDA | Cleaned view shape: 714 rows, 15 columns
2026-02-06 16:22:08 | INFO | EDA | Section 6: Compute descriptive statistics for numeric columns
2026-02-06 16:22:08 | INFO | EDA | Computing overall descriptive statistics
2026-02-06 16:22:08 | DEBUG | EDA | 
          count       mean        std   min     25%      50%     75%       max
survived  714.0   0.406162   0.491460  0.00   0.000   0.0000   1.000    1.0000
age       714.0  29.699118  14.526497  0.42  20.125  28.0000  38.000   80.0000
sibsp     714.0   0.512605   0.929783  0.00   0.000   0.0000   1.000    5.0000
parch     714.0   0.431373   0.853289  0.00   0.000   0.0000   1.000    6.0000
fare      714.0  34.694514  52.918930  0.00   8.050  15.7417  33.375  512.3292
2026-02-06 16:22:08 | INFO | EDA | Computing descriptive statistics by class
2026-02-06 16:22:08 | DEBUG | EDA | 
       survived                               age                                   sibsp                              \
          count      mean       std min max count       mean        std   min   max count      mean       std min max   
class                                                                                                                   
First       186  0.655914  0.476352   0   1   186  38.233441  14.802856  0.92  80.0   186  0.451613  0.632731   0   3   
Second      173  0.479769  0.501041   0   1   173  29.877630  14.001077  0.67  70.0   173  0.427746  0.611645   0   3   
Third       355  0.239437  0.427342   0   1   355  25.140620  12.495398  0.42  74.0   355  0.585915  1.157303   0   5   

       parch                              fare                                        
       count      mean       std min max count       mean        std   min       max  
class                                                                                 
First    186  0.408602  0.731331   0   4   186  87.961582  80.857189   0.0  512.3292  
Second   173  0.404624  0.705775   0   3   173  21.471556  13.187429  10.5   73.5000  
Third    355  0.456338  0.971447   0   6   355  13.229435  10.043158   0.0   56.4958  
2026-02-06 16:22:08 | INFO | EDA | Section 7: Show correlation matrix for numeric columns
2026-02-06 16:22:08 | INFO | EDA | Computing correlation matrix for numeric columns
2026-02-06 16:22:08 | DEBUG | EDA | 
          survived       age     sibsp     parch      fare
survived  1.000000 -0.077221 -0.017358  0.093317  0.268189
age      -0.077221  1.000000 -0.308247 -0.189119  0.096067
sibsp    -0.017358 -0.308247  1.000000  0.383820  0.138329
parch     0.093317 -0.189119  0.383820  1.000000  0.205119
fare      0.268189  0.096067  0.138329  0.205119  1.000000
2026-02-06 16:22:08 | INFO | EDA | Section 8: Make plots
2026-02-06 16:22:08 | INFO | EDA | Creating scatter plot: fare vs. age
2026-02-06 16:22:27 | INFO | EDA | EDA workflow complete
2026-02-06 16:22:27 | INFO | EDA | IMPORTANT: This script creates chart windows.
2026-02-06 16:22:27 | INFO | EDA | Close any chart windows and terminate this process with CTRL+c as needed.
2026-02-06 16:22:44 | INFO | EDA | === RUN START ===
2026-02-06 16:22:44 | INFO | EDA | project=Exploratory Data Analysis (EDA) - Penguins
2026-02-06 16:22:44 | INFO | EDA | repo_dir=caleb-owens-python-project-4
2026-02-06 16:22:44 | INFO | EDA | python=3.14.2
2026-02-06 16:22:44 | INFO | EDA | os=Windows 11
2026-02-06 16:22:44 | INFO | EDA | shell=powershell
2026-02-06 16:22:44 | INFO | EDA | cwd=.
2026-02-06 16:22:44 | INFO | EDA | github_actions=False
2026-02-06 16:22:44 | INFO | EDA | Section 1: Setup at the top of the file
2026-02-06 16:22:44 | INFO | EDA | Section 2: Load the data
2026-02-06 16:22:44 | INFO | EDA | Loading titanic dataset from seaborn
2026-02-06 16:22:44 | INFO | EDA | Data loaded: 891 rows, 15 columns
2026-02-06 16:22:44 | INFO | EDA | Section 3: Inspect data shape and basic structure
2026-02-06 16:22:44 | INFO | EDA | Inspecting first rows of data
2026-02-06 16:22:44 | DEBUG | EDA | 
   survived  pclass     sex   age  sibsp  parch     fare embarked  class    who  adult_male deck  embark_town alive  \
0         0       3    male  22.0      1      0   7.2500        S  Third    man        True  NaN  Southampton    no   
1         1       1  female  38.0      1      0  71.2833        C  First  woman       False    C    Cherbourg   yes   
2         1       3  female  26.0      0      0   7.9250        S  Third  woman       False  NaN  Southampton   yes   
3         1       1  female  35.0      1      0  53.1000        S  First  woman       False    C  Southampton   yes   
4         0       3    male  35.0      0      0   8.0500        S  Third    man        True  NaN  Southampton    no   

   alone  
0  False  
1  False  
2   True  
3  False  
4   True  
2026-02-06 16:22:44 | INFO | EDA | Column names
2026-02-06 16:22:44 | DEBUG | EDA | ['survived', 'pclass', 'sex', 'age', 'sibsp', 'parch', 'fare', 'embarked', 'class', 'who', 'adult_male', 'deck', 'embark_town', 'alive', 'alone']
2026-02-06 16:22:44 | INFO | EDA | DataFrame info (types and non-null counts)
2026-02-06 16:22:44 | INFO | EDA | Dataset shape: 891 rows, 15 columns
2026-02-06 16:22:44 | INFO | EDA | Section 4: Check data quality
2026-02-06 16:22:44 | INFO | EDA | Building starter data dictionary
2026-02-06 16:22:44 | DEBUG | EDA | 
         column     dtype  missing_count  missing_pct
0      survived     int64              0         0.00
1        pclass     int64              0         0.00
2           sex       str              0         0.00
3           age   float64            177        19.87
4         sibsp     int64              0         0.00
5         parch     int64              0         0.00
6          fare   float64              0         0.00
7      embarked       str              2         0.22
8         class  category              0         0.00
9           who       str              0         0.00
10   adult_male      bool              0         0.00
11         deck  category            688        77.22
12  embark_town       str              2         0.22
13        alive       str              0         0.00
14        alone      bool              0         0.00
2026-02-06 16:22:44 | INFO | EDA | Checking missing values per column
2026-02-06 16:22:44 | DEBUG | EDA | 
deck           688
age            177
embarked         2
embark_town      2
sex              0
pclass           0
survived         0
fare             0
parch            0
sibsp            0
class            0
adult_male       0
who              0
alive            0
alone            0
dtype: int64
2026-02-06 16:22:44 | INFO | EDA | Duplicate rows detected: 107
2026-02-06 16:22:44 | INFO | EDA | Basic sanity check for numeric columns
2026-02-06 16:22:44 | DEBUG | EDA | 
         survived         age       sibsp       parch        fare
count  891.000000  714.000000  891.000000  891.000000  891.000000
mean     0.383838   29.699118    0.523008    0.381594   32.204208
std      0.486592   14.526497    1.102743    0.806057   49.693429
min      0.000000    0.420000    0.000000    0.000000    0.000000
25%      0.000000   20.125000    0.000000    0.000000    7.910400
50%      0.000000   28.000000    0.000000    0.000000   14.454200
75%      1.000000   38.000000    1.000000    0.000000   31.000000
max      1.000000   80.000000    8.000000    6.000000  512.329200
2026-02-06 16:22:44 | INFO | EDA | Section 5: Create a cleaned view for EDA
2026-02-06 16:22:44 | INFO | EDA | Creating cleaned view for EDA (dropping rows with key missing values)
2026-02-06 16:22:44 | INFO | EDA | Cleaned view shape: 714 rows, 15 columns
2026-02-06 16:22:44 | INFO | EDA | Section 6: Compute descriptive statistics for numeric columns
2026-02-06 16:22:44 | INFO | EDA | Computing overall descriptive statistics
2026-02-06 16:22:44 | DEBUG | EDA | 
          count       mean        std   min     25%      50%     75%       max
survived  714.0   0.406162   0.491460  0.00   0.000   0.0000   1.000    1.0000
age       714.0  29.699118  14.526497  0.42  20.125  28.0000  38.000   80.0000
sibsp     714.0   0.512605   0.929783  0.00   0.000   0.0000   1.000    5.0000
parch     714.0   0.431373   0.853289  0.00   0.000   0.0000   1.000    6.0000
fare      714.0  34.694514  52.918930  0.00   8.050  15.7417  33.375  512.3292
2026-02-06 16:22:44 | INFO | EDA | Computing descriptive statistics by class
2026-02-06 16:22:44 | DEBUG | EDA | 
       survived                               age                                   sibsp                              \
          count      mean       std min max count       mean        std   min   max count      mean       std min max   
class                                                                                                                   
First       186  0.655914  0.476352   0   1   186  38.233441  14.802856  0.92  80.0   186  0.451613  0.632731   0   3   
Second      173  0.479769  0.501041   0   1   173  29.877630  14.001077  0.67  70.0   173  0.427746  0.611645   0   3   
Third       355  0.239437  0.427342   0   1   355  25.140620  12.495398  0.42  74.0   355  0.585915  1.157303   0   5   

       parch                              fare                                        
       count      mean       std min max count       mean        std   min       max  
class                                                                                 
First    186  0.408602  0.731331   0   4   186  87.961582  80.857189   0.0  512.3292  
Second   173  0.404624  0.705775   0   3   173  21.471556  13.187429  10.5   73.5000  
Third    355  0.456338  0.971447   0   6   355  13.229435  10.043158   0.0   56.4958  
2026-02-06 16:22:44 | INFO | EDA | Section 7: Show correlation matrix for numeric columns
2026-02-06 16:22:44 | INFO | EDA | Computing correlation matrix for numeric columns
2026-02-06 16:22:44 | DEBUG | EDA | 
          survived       age     sibsp     parch      fare
survived  1.000000 -0.077221 -0.017358  0.093317  0.268189
age      -0.077221  1.000000 -0.308247 -0.189119  0.096067
sibsp    -0.017358 -0.308247  1.000000  0.383820  0.138329
parch     0.093317 -0.189119  0.383820  1.000000  0.205119
fare      0.268189  0.096067  0.138329  0.205119  1.000000
2026-02-06 16:22:44 | INFO | EDA | Section 8: Make plots
2026-02-06 16:22:44 | INFO | EDA | Creating scatter plot: fare vs. age
2026-02-06 16:22:57 | INFO | EDA | EDA workflow complete
2026-02-06 16:22:57 | INFO | EDA | IMPORTANT: This script creates chart windows.
2026-02-06 16:22:57 | INFO | EDA | Close any chart windows and terminate this process with CTRL+c as needed.
2026-02-06 16:24:56 | INFO | EDA | Loading penguins dataset from seaborn
2026-02-06 16:24:56 | INFO | EDA | Data loaded: 344 rows, 7 columns
2026-02-06 16:24:56 | INFO | EDA | Loading penguins dataset from seaborn
2026-02-06 16:24:56 | INFO | EDA | Data loaded: 344 rows, 7 columns
2026-02-06 16:24:56 | INFO | EDA | Loading penguins dataset from seaborn
2026-02-06 16:24:56 | INFO | EDA | Data loaded: 344 rows, 7 columns
2026-02-06 16:24:56 | INFO | EDA | Loading penguins dataset from seaborn
2026-02-06 16:24:56 | INFO | EDA | Data loaded: 344 rows, 7 columns
2026-02-06 16:24:56 | INFO | EDA | Creating cleaned view for EDA (dropping rows with key missing values)
2026-02-06 16:24:56 | INFO | EDA | Cleaned view shape: 342 rows, 7 columns
2026-02-06 16:24:56 | INFO | EDA | Loading penguins dataset from seaborn
2026-02-06 16:24:56 | INFO | EDA | Data loaded: 344 rows, 7 columns
2026-02-06 16:24:56 | INFO | EDA | Creating cleaned view for EDA (dropping rows with key missing values)
2026-02-06 16:24:56 | INFO | EDA | Cleaned view shape: 342 rows, 7 columns
2026-02-06 16:24:56 | INFO | EDA | Computing correlation matrix for numeric columns
2026-02-06 16:24:56 | DEBUG | EDA | 
                   bill_length_mm  bill_depth_mm  flipper_length_mm  body_mass_g
bill_length_mm           1.000000      -0.235053           0.656181     0.595110
bill_depth_mm           -0.235053       1.000000          -0.583851    -0.471916
flipper_length_mm        0.656181      -0.583851           1.000000     0.871202
body_mass_g              0.595110      -0.471916           0.871202     1.000000
2026-02-06 16:24:56 | INFO | EDA | Loading penguins dataset from seaborn
2026-02-06 16:24:56 | INFO | EDA | Data loaded: 344 rows, 7 columns
2026-02-06 16:24:56 | INFO | EDA | Creating cleaned view for EDA (dropping rows with key missing values)
2026-02-06 16:24:56 | INFO | EDA | Cleaned view shape: 342 rows, 7 columns
2026-02-06 16:24:56 | INFO | EDA | Computing correlation matrix for numeric columns
2026-02-06 16:24:56 | DEBUG | EDA | 
                   bill_length_mm  bill_depth_mm  flipper_length_mm  body_mass_g
bill_length_mm           1.000000      -0.235053           0.656181     0.595110
bill_depth_mm           -0.235053       1.000000          -0.583851    -0.471916
flipper_length_mm        0.656181      -0.583851           1.000000     0.871202
body_mass_g              0.595110      -0.471916           0.871202     1.000000
